<?xml version="1.0" encoding="UTF-8"?>
<!-- Generated by org.testng.reporters.JUnitReportReporter -->
<testsuite skipped="0" hostname="DESKTOP-MJ1T9AR" name="TestCases.ContactUsTCs" tests="6" failures="0" timestamp="2022-05-08T03:21:51 EET" time="5.080" errors="0">
  <testcase name="isContact_Us_Form_Displayed" time="0.066" classname="TestCases.ContactUsTCs"/>
  <system-out/>
  <testcase name="Submit_Form_Invalid_Email_Synatax" time="0.950" classname="TestCases.ContactUsTCs"/>
  <system-out/>
  <testcase name="Submit_Form_Invalid_Email_Synatax" time="1.160" classname="TestCases.ContactUsTCs"/>
  <system-out/>
  <testcase name="Submit_Form_Invalid_Email_Synatax" time="0.916" classname="TestCases.ContactUsTCs"/>
  <system-out/>
  <testcase name="Submit_Form_Invalid_Email_Synatax" time="0.917" classname="TestCases.ContactUsTCs"/>
  <system-out/>
  <testcase name="Submit_Form_Invalid_Email_Synatax" time="1.071" classname="TestCases.ContactUsTCs"/>
  <system-out/>
</testsuite> <!-- TestCases.ContactUsTCs -->
