<?xml version="1.0" encoding="UTF-8"?>
<!-- Generated by org.testng.reporters.JUnitReportReporter -->
<testsuite skipped="0" hostname="DESKTOP-MJ1T9AR" name="WebsiteAutomation.MusalaSoft.ContactUsTCs" tests="6" failures="0" timestamp="2022-05-08T02:22:38 EET" time="5.190" errors="0">
  <testcase name="isContact_Us_Form_Displayed" time="0.133" classname="WebsiteAutomation.MusalaSoft.ContactUsTCs"/>
  <system-out/>
  <testcase name="Submit_Form_Invalid_Email_Synatax" time="1.294" classname="WebsiteAutomation.MusalaSoft.ContactUsTCs"/>
  <system-out/>
  <testcase name="Submit_Form_Invalid_Email_Synatax" time="0.972" classname="WebsiteAutomation.MusalaSoft.ContactUsTCs"/>
  <system-out/>
  <testcase name="Submit_Form_Invalid_Email_Synatax" time="0.824" classname="WebsiteAutomation.MusalaSoft.ContactUsTCs"/>
  <system-out/>
  <testcase name="Submit_Form_Invalid_Email_Synatax" time="1.077" classname="WebsiteAutomation.MusalaSoft.ContactUsTCs"/>
  <system-out/>
  <testcase name="Submit_Form_Invalid_Email_Synatax" time="0.890" classname="WebsiteAutomation.MusalaSoft.ContactUsTCs"/>
  <system-out/>
</testsuite> <!-- WebsiteAutomation.MusalaSoft.ContactUsTCs -->
