<?xml version="1.0" encoding="UTF-8"?>
<!-- Generated by org.testng.reporters.JUnitReportReporter -->
<testsuite skipped="0" hostname="DESKTOP-MJ1T9AR" name="WebsiteAutomation.MusalaSoft.JoinUsTcs" tests="8" failures="0" timestamp="2022-05-08T02:22:38 EET" time="10.424" errors="0">
  <testcase name="ValidateJoinUsPage" time="0.004" classname="WebsiteAutomation.MusalaSoft.JoinUsTcs"/>
  <system-out/>
  <testcase name="ApplyFilterByAnyWhere" time="2.241" classname="WebsiteAutomation.MusalaSoft.JoinUsTcs"/>
  <system-out/>
  <testcase name="Choose_open_position_by_name" time="1.820" classname="WebsiteAutomation.MusalaSoft.JoinUsTcs"/>
  <system-out/>
  <testcase name="isJobSpecificationDisplayed" time="0.043" classname="WebsiteAutomation.MusalaSoft.JoinUsTcs"/>
  <system-out/>
  <testcase name="VerifyAppearanceApplyButton" time="0.170" classname="WebsiteAutomation.MusalaSoft.JoinUsTcs"/>
  <system-out/>
  <testcase name="SubmitJobForm" time="2.036" classname="WebsiteAutomation.MusalaSoft.JoinUsTcs"/>
  <system-out/>
  <testcase name="SubmitJobForm" time="2.111" classname="WebsiteAutomation.MusalaSoft.JoinUsTcs"/>
  <system-out/>
  <testcase name="SubmitJobForm" time="1.999" classname="WebsiteAutomation.MusalaSoft.JoinUsTcs"/>
  <system-out/>
</testsuite> <!-- WebsiteAutomation.MusalaSoft.JoinUsTcs -->
