<?xml version="1.0" encoding="UTF-8"?>
<!-- Generated by org.testng.reporters.JUnitReportReporter -->
<testsuite skipped="0" hostname="DESKTOP-MJ1T9AR" name="WebsiteAutomation.MusalaSoft.ContactUsTCs" tests="6" failures="0" timestamp="2022-05-06T18:24:35 EET" time="4.223" errors="0">
  <testcase name="isContact_Us_Form_Displayed" time="0.044" classname="WebsiteAutomation.MusalaSoft.ContactUsTCs"/>
  <system-out/>
  <testcase name="Submit_Form_Invalid_Email_Synatax" time="0.797" classname="WebsiteAutomation.MusalaSoft.ContactUsTCs"/>
  <system-out/>
  <testcase name="Submit_Form_Invalid_Email_Synatax" time="0.812" classname="WebsiteAutomation.MusalaSoft.ContactUsTCs"/>
  <system-out/>
  <testcase name="Submit_Form_Invalid_Email_Synatax" time="0.978" classname="WebsiteAutomation.MusalaSoft.ContactUsTCs"/>
  <system-out/>
  <testcase name="Submit_Form_Invalid_Email_Synatax" time="0.786" classname="WebsiteAutomation.MusalaSoft.ContactUsTCs"/>
  <system-out/>
  <testcase name="Submit_Form_Invalid_Email_Synatax" time="0.806" classname="WebsiteAutomation.MusalaSoft.ContactUsTCs"/>
  <system-out/>
</testsuite> <!-- WebsiteAutomation.MusalaSoft.ContactUsTCs -->
