<?xml version="1.0" encoding="UTF-8"?>
<!-- Generated by org.testng.reporters.JUnitReportReporter -->
<testsuite skipped="0" hostname="DESKTOP-MJ1T9AR" name="WebsiteAutomation.MusalaSoft.CompanyTcs" tests="4" failures="0" timestamp="2022-05-06T22:35:34 EET" time="2.635" errors="0">
  <testcase name="CorrectCompanyURL" time="0.012" classname="WebsiteAutomation.MusalaSoft.CompanyTcs"/>
  <system-out/>
  <testcase name="LeaderShipSectionContainMember" time="0.024" classname="WebsiteAutomation.MusalaSoft.CompanyTcs"/>
  <system-out/>
  <testcase name="verifyCorrectURLFacebook" time="0.035" classname="WebsiteAutomation.MusalaSoft.CompanyTcs"/>
  <system-out/>
  <testcase name="validateCorrectURLFacebookUsingProfilePicture" time="2.564" classname="WebsiteAutomation.MusalaSoft.CompanyTcs"/>
  <system-out/>
</testsuite> <!-- WebsiteAutomation.MusalaSoft.CompanyTcs -->
