<?xml version="1.0" encoding="UTF-8"?>
<!-- Generated by org.testng.reporters.JUnitReportReporter -->
<testsuite skipped="0" hostname="DESKTOP-MJ1T9AR" name="TestCases.CompanyTcs" tests="4" failures="0" timestamp="2022-05-08T03:21:51 EET" time="2.167" errors="0">
  <testcase name="CorrectCompanyURL" time="0.006" classname="TestCases.CompanyTcs"/>
  <system-out/>
  <testcase name="LeaderShipSectionContainMember" time="0.055" classname="TestCases.CompanyTcs"/>
  <system-out/>
  <testcase name="verifyCorrectURLFacebook" time="0.029" classname="TestCases.CompanyTcs"/>
  <system-out/>
  <testcase name="validateCorrectURLFacebookUsingProfilePicture" time="2.077" classname="TestCases.CompanyTcs"/>
  <system-out/>
</testsuite> <!-- TestCases.CompanyTcs -->
