<?xml version="1.0" encoding="UTF-8"?>
<!-- Generated by org.testng.reporters.JUnitReportReporter -->
<testsuite skipped="0" hostname="DESKTOP-MJ1T9AR" name="TestCases.DisplayPositionbylocation" tests="3" failures="0" timestamp="2022-05-08T03:21:51 EET" time="5.509" errors="0">
  <testcase name="ValidateJoinUsPage" time="0.004" classname="TestCases.DisplayPositionbylocation"/>
  <system-out/>
  <testcase name="PrintPositionsInfoSofia" time="2.894" classname="TestCases.DisplayPositionbylocation"/>
  <system-out/>
  <testcase name="PrintPositionsInfoSkopje" time="2.611" classname="TestCases.DisplayPositionbylocation"/>
  <system-out/>
</testsuite> <!-- TestCases.DisplayPositionbylocation -->
