<?xml version="1.0" encoding="UTF-8"?>
<!-- Generated by org.testng.reporters.JUnitReportReporter -->
<testsuite skipped="0" hostname="DESKTOP-MJ1T9AR" name="WebsiteAutomation.MusalaSoft.DisplayPositionbylocation" tests="3" failures="0" timestamp="2022-05-08T02:22:38 EET" time="5.303" errors="0">
  <testcase name="ValidateJoinUsPage" time="0.004" classname="WebsiteAutomation.MusalaSoft.DisplayPositionbylocation"/>
  <system-out/>
  <testcase name="PrintPositionsInfoSofia" time="2.699" classname="WebsiteAutomation.MusalaSoft.DisplayPositionbylocation"/>
  <system-out/>
  <testcase name="PrintPositionsInfoSkopje" time="2.600" classname="WebsiteAutomation.MusalaSoft.DisplayPositionbylocation"/>
  <system-out/>
</testsuite> <!-- WebsiteAutomation.MusalaSoft.DisplayPositionbylocation -->
