<?xml version="1.0" encoding="UTF-8"?>
<!-- Generated by org.testng.reporters.JUnitReportReporter -->
<testsuite skipped="0" hostname="DESKTOP-MJ1T9AR" name="TestCases.JoinUsTcs" tests="8" failures="0" timestamp="2022-05-08T03:21:51 EET" time="10.187" errors="0">
  <testcase name="ValidateJoinUsPage" time="0.004" classname="TestCases.JoinUsTcs"/>
  <system-out/>
  <testcase name="ApplyFilterByAnyWhere" time="2.015" classname="TestCases.JoinUsTcs"/>
  <system-out/>
  <testcase name="Choose_open_position_by_name" time="1.688" classname="TestCases.JoinUsTcs"/>
  <system-out/>
  <testcase name="isJobSpecificationDisplayed" time="0.057" classname="TestCases.JoinUsTcs"/>
  <system-out/>
  <testcase name="VerifyAppearanceApplyButton" time="0.173" classname="TestCases.JoinUsTcs"/>
  <system-out/>
  <testcase name="SubmitJobForm" time="2.164" classname="TestCases.JoinUsTcs"/>
  <system-out/>
  <testcase name="SubmitJobForm" time="2.093" classname="TestCases.JoinUsTcs"/>
  <system-out/>
  <testcase name="SubmitJobForm" time="1.993" classname="TestCases.JoinUsTcs"/>
  <system-out/>
</testsuite> <!-- TestCases.JoinUsTcs -->
